<?xml version="1.0" encoding="UTF-8"?>
<!-- Generated by org.testng.reporters.JUnitReportReporter -->
<testsuite skipped="0" hostname="DESKTOP-6QKPK6B" name="com.crm.qa.testcases.ContactsPageTest" tests="1" failures="0" timestamp="2021-02-23T18:47:56 IST" time="17.172" errors="0">
  <testcase name="newContactButtonTest" time="17.172" classname="com.crm.qa.testcases.ContactsPageTest"/>
  <system-out/>
</testsuite> <!-- com.crm.qa.testcases.ContactsPageTest -->
