<?xml version="1.0" encoding="UTF-8"?>
<!-- Generated by org.testng.reporters.JUnitReportReporter -->
<testsuite skipped="1" hostname="DESKTOP-6QKPK6B" name="com.crm.qa.testcases.NewContactPageTest" tests="1" failures="0" timestamp="2021-02-23T16:21:49 IST" time="0.000" errors="0">
  <testcase name="createContactTest" time="0.000" classname="com.crm.qa.testcases.NewContactPageTest">
    <skipped/>
  </testcase> <!-- createContactTest -->
  <system-out/>
</testsuite> <!-- com.crm.qa.testcases.NewContactPageTest -->
