<?xml version="1.0" encoding="UTF-8"?>
<!-- Generated by org.testng.reporters.JUnitReportReporter -->
<testsuite skipped="0" hostname="DESKTOP-6QKPK6B" name="com.crm.qa.testcases.LoginPageTest" tests="2" failures="0" timestamp="2021-02-23T18:47:56 IST" time="25.806" errors="0">
  <testcase name="loginPageTitleTest" time="12.939" classname="com.crm.qa.testcases.LoginPageTest"/>
  <system-out/>
  <testcase name="loginTest" time="12.867" classname="com.crm.qa.testcases.LoginPageTest"/>
  <system-out/>
</testsuite> <!-- com.crm.qa.testcases.LoginPageTest -->
