<?xml version="1.0" encoding="UTF-8"?>
<!-- Generated by org.testng.reporters.JUnitReportReporter -->
<testsuite skipped="0" hostname="DESKTOP-6QKPK6B" name="com.crm.qa.testcases.HomePageTest" tests="3" failures="0" timestamp="2021-02-23T18:47:56 IST" time="38.458" errors="0">
  <testcase name="contactsLinkTest" time="13.971" classname="com.crm.qa.testcases.HomePageTest"/>
  <system-out/>
  <testcase name="verifyHomePageTitleTest" time="11.381" classname="com.crm.qa.testcases.HomePageTest"/>
  <system-out/>
  <testcase name="verifyUserNameLabelTest" time="13.106" classname="com.crm.qa.testcases.HomePageTest"/>
  <system-out/>
</testsuite> <!-- com.crm.qa.testcases.HomePageTest -->
